trunk/Kidquiz/proguard/seeds.txt
com.google.android.gms.tagmanager.cd$a: com.google.android.gms.tagmanager.cd$a[] values()
com.google.android.gms.tagmanager.cd$a: com.google.android.gms.tagmanager.cd$a valueOf(java.lang.String)
com.google.android.gms.wallet.Address
com.google.android.gms.wallet.Address: android.os.Parcelable$Creator CREATOR
com.google.android.gms.wallet.Cart
com.google.android.gms.wallet.Cart: android.os.Parcelable$Creator CREATOR
com.google.android.gms.wallet.CountrySpecification
com.google.android.gms.wallet.CountrySpecification: android.os.Parcelable$Creator CREATOR
com.google.android.gms.wallet.EnableWalletOptimizationReceiver
com.google.android.gms.wallet.FullWallet
com.google.android.gms.wallet.FullWallet: android.os.Parcelable$Creator CREATOR
com.google.android.gms.wallet.FullWalletRequest
com.google.android.gms.wallet.FullWalletRequest: android.os.Parcelable$Creator CREATOR
com.google.android.gms.wallet.InstrumentInfo
com.google.android.gms.wallet.InstrumentInfo: android.os.Parcelable$Creator CREATOR
com.google.android.gms.wallet.LineItem
com.google.android.gms.wallet.LineItem: android.os.Parcelable$Creator CREATOR
com.google.android.gms.wallet.LoyaltyWalletObject
com.google.android.gms.wallet.LoyaltyWalletObject: android.os.Parcelable$Creator CREATOR
com.google.android.gms.wallet.MaskedWallet
com.google.android.gms.wallet.MaskedWallet: android.os.Parcelable$Creator CREATOR
com.google.android.gms.wallet.MaskedWalletRequest
com.google.android.gms.wallet.MaskedWalletRequest: android.os.Parcelable$Creator CREATOR
com.google.android.gms.wallet.NotifyTransactionStatusRequest
com.google.android.gms.wallet.NotifyTransactionStatusRequest: android.os.Parcelable$Creator CREATOR
com.google.android.gms.wallet.OfferWalletObject
com.google.android.gms.wallet.OfferWalletObject: android.os.Parcelable$Creator CREATOR
com.google.android.gms.wallet.ProxyCard
com.google.android.gms.wallet.ProxyCard: android.os.Parcelable$Creator CREATOR
com.google.android.gms.wallet.d
com.google.android.gms.wallet.d: android.os.Parcelable$Creator CREATOR
com.google.android.gms.wallet.fragment.WalletFragmentInitParams
com.google.android.gms.wallet.fragment.WalletFragmentInitParams: android.os.Parcelable$Creator CREATOR
com.google.android.gms.wallet.fragment.WalletFragmentOptions
com.google.android.gms.wallet.fragment.WalletFragmentOptions: android.os.Parcelable$Creator CREATOR
com.google.android.gms.wallet.fragment.WalletFragmentStyle
com.google.android.gms.wallet.fragment.WalletFragmentStyle: android.os.Parcelable$Creator CREATOR
com.google.android.gms.wallet.wobs.CommonWalletObject
com.google.android.gms.wallet.wobs.CommonWalletObject: android.os.Parcelable$Creator CREATOR
com.google.android.gms.wallet.wobs.b
com.google.android.gms.wallet.wobs.b: android.os.Parcelable$Creator CREATOR
com.google.android.gms.wallet.wobs.d
com.google.android.gms.wallet.wobs.d: android.os.Parcelable$Creator CREATOR
com.google.android.gms.wallet.wobs.f
com.google.android.gms.wallet.wobs.f: android.os.Parcelable$Creator CREATOR
com.google.android.gms.wallet.wobs.g
com.google.android.gms.wallet.wobs.g: android.os.Parcelable$Creator CREATOR
com.google.android.gms.wallet.wobs.j
com.google.android.gms.wallet.wobs.j: android.os.Parcelable$Creator CREATOR
com.google.android.gms.wallet.wobs.l
com.google.android.gms.wallet.wobs.l: android.os.Parcelable$Creator CREATOR
com.google.android.gms.wallet.wobs.n
com.google.android.gms.wallet.wobs.n: android.os.Parcelable$Creator CREATOR
com.google.android.gms.wallet.wobs.p
com.google.android.gms.wallet.wobs.p: android.os.Parcelable$Creator CREATOR
com.google.android.gms.wearable.Asset
com.google.android.gms.wearable.Asset: android.os.Parcelable$Creator CREATOR
com.google.android.gms.wearable.PutDataRequest
com.google.android.gms.wearable.PutDataRequest: android.os.Parcelable$Creator CREATOR
com.google.android.gms.wearable.WearableListenerService