trunk/Kidquiz/proguard/mapping.txt
com.google.android.gms.wearable.internal.ak -> com.google.android.gms.wearable.internal.ak:
    android.os.Parcelable$Creator CREATOR -> CREATOR
    int versionCode -> a
    java.lang.String packageName -> b
    java.lang.String label -> c
    long alY -> d
    int describeContents() -> describeContents
    void writeToParcel(android.os.Parcel,int) -> writeToParcel
com.google.android.gms.wearable.internal.al -> com.google.android.gms.wearable.internal.h:
    void a$23465e0e(com.google.android.gms.wearable.internal.ak,android.os.Parcel) -> a
    java.lang.Object[] newArray(int) -> newArray
    java.lang.Object createFromParcel(android.os.Parcel) -> createFromParcel
com.google.android.gms.wearable.internal.am -> com.google.android.gms.wearable.internal.am:
    android.os.Parcelable$Creator CREATOR -> CREATOR
    int versionCode -> a
    int statusCode -> b
    com.google.android.gms.wearable.internal.m alL -> c
    int describeContents() -> describeContents
    void writeToParcel(android.os.Parcel,int) -> writeToParcel
com.google.android.gms.wearable.internal.an -> com.google.android.gms.wearable.internal.i:
    void a(com.google.android.gms.wearable.internal.am,android.os.Parcel,int) -> a
    java.lang.Object[] newArray(int) -> newArray
    java.lang.Object createFromParcel(android.os.Parcel) -> createFromParcel
com.google.android.gms.wearable.internal.ao -> com.google.android.gms.wearable.internal.ao:
    android.os.Parcelable$Creator CREATOR -> CREATOR
    int xJ -> a
    com.google.android.gms.wearable.internal.ac alw -> b
    int describeContents() -> describeContents
    void writeToParcel(android.os.Parcel,int) -> writeToParcel
    android.os.IBinder nj() -> a
com.google.android.gms.wearable.internal.ap -> com.google.android.gms.wearable.internal.j:
    void a$33402292(com.google.android.gms.wearable.internal.ao,android.os.Parcel) -> a
    java.lang.Object[] newArray(int) -> newArray
    java.lang.Object createFromParcel(android.os.Parcel) -> createFromParcel
com.google.android.gms.wearable.internal.aq -> com.google.android.gms.wearable.internal.aq:
    android.os.Parcelable$Creator CREATOR -> CREATOR
    int versionCode -> a
    int statusCode -> b
    int alZ -> c
    int describeContents() -> describeContents
    void writeToParcel(android.os.Parcel,int) -> writeToParcel
com.google.android.gms.wearable.internal.ar -> com.google.android.gms.wearable.internal.k:
    void a$3b3d04d4(com.google.android.gms.wearable.internal.aq,android.os.Parcel) -> a
    java.lang.Object[] newArray(int) -> newArray
    java.lang.Object createFromParcel(android.os.Parcel) -> createFromParcel
com.google.android.gms.wearable.internal.as -> com.google.android.gms.wearable.internal.as:
    android.os.Parcelable$Creator CREATOR -> CREATOR
    int versionCode -> a
    int statusCode -> b
    long alY -> c
    java.util.List ama -> d
    int describeContents() -> describeContents
    void writeToParcel(android.os.Parcel,int) -> writeToParcel
com.google.android.gms.wearable.internal.at -> com.google.android.gms.wearable.internal.l:
    void a$4339e716(com.google.android.gms.wearable.internal.as,android.os.Parcel) -> a
    java.lang.Object[] newArray(int) -> newArray
    java.lang.Object createFromParcel(android.os.Parcel) -> createFromParcel
com.google.android.gms.wearable.internal.b -> com.google.android.gms.wearable.internal.b:
    android.os.Parcelable$Creator CREATOR -> CREATOR
    int xJ -> a
    com.google.android.gms.wearable.internal.ac alw -> b
    android.content.IntentFilter[] alx -> c
    int describeContents() -> describeContents
    void writeToParcel(android.os.Parcel,int) -> writeToParcel
    android.os.IBinder nj() -> a