trunk/Kidquiz/proguard/usage.txt
com.google.android.gms.wallet.MaskedWalletRequest$1
com.google.android.gms.wallet.MaskedWalletRequest$Builder
com.google.android.gms.wallet.NotifyTransactionStatusRequest:
    public static com.google.android.gms.wallet.NotifyTransactionStatusRequest$Builder newBuilder()
    public int getVersionCode()
    public java.lang.String getGoogleTransactionId()
    public int getStatus()
    public java.lang.String getDetailedReason()
com.google.android.gms.wallet.NotifyTransactionStatusRequest$1
com.google.android.gms.wallet.NotifyTransactionStatusRequest$Builder
com.google.android.gms.wallet.NotifyTransactionStatusRequest$Status
com.google.android.gms.wallet.NotifyTransactionStatusRequest$Status$Error
com.google.android.gms.wallet.OfferWalletObject:
    public java.lang.String getId()
    public java.lang.String getRedemptionCode()
com.google.android.gms.wallet.Payments
com.google.android.gms.wallet.ProxyCard:
    public java.lang.String getPan()
    public java.lang.String getCvn()
    public int getExpirationMonth()
    public int getExpirationYear()
com.google.android.gms.wallet.Wallet
com.google.android.gms.wallet.Wallet$1
com.google.android.gms.wallet.Wallet$WalletOptions
com.google.android.gms.wallet.Wallet$WalletOptions$Builder
com.google.android.gms.wallet.Wallet$a
com.google.android.gms.wallet.Wallet$b
com.google.android.gms.wallet.WalletConstants
com.google.android.gms.wallet.fragment.BuyButtonAppearance
com.google.android.gms.wallet.fragment.BuyButtonText
com.google.android.gms.wallet.fragment.Dimension
com.google.android.gms.wallet.fragment.SupportWalletFragment
com.google.android.gms.wallet.fragment.SupportWalletFragment$1
com.google.android.gms.wallet.fragment.SupportWalletFragment$OnStateChangedListener
com.google.android.gms.wallet.fragment.SupportWalletFragment$a
com.google.android.gms.wallet.fragment.SupportWalletFragment$b
com.google.android.gms.wallet.fragment.SupportWalletFragment$c
com.google.android.gms.wallet.fragment.WalletFragment
com.google.android.gms.wallet.fragment.WalletFragment$1
com.google.android.gms.wallet.fragment.WalletFragment$OnStateChangedListener
com.google.android.gms.wallet.fragment.WalletFragment$a
com.google.android.gms.wallet.fragment.WalletFragment$b
com.google.android.gms.wallet.fragment.WalletFragment$c
com.google.android.gms.wallet.fragment.WalletFragmentInitParams:
    public static com.google.android.gms.wallet.fragment.WalletFragmentInitParams$Builder newBuilder()
    static synthetic java.lang.String a(com.google.android.gms.wallet.fragment.WalletFragmentInitParams,java.lang.String)
    static synthetic com.google.android.gms.wallet.MaskedWalletRequest a(com.google.android.gms.wallet.fragment.WalletFragmentInitParams,com.google.android.gms.wallet.MaskedWalletRequest)
    static synthetic int a(com.google.android.gms.wallet.fragment.WalletFragmentInitParams,int)
    static synthetic com.google.android.gms.wallet.MaskedWallet a(com.google.android.gms.wallet.fragment.WalletFragmentInitParams,com.google.android.gms.wallet.MaskedWallet)
    static synthetic com.google.android.gms.wallet.MaskedWallet a(com.google.android.gms.wallet.fragment.WalletFragmentInitParams)
    static synthetic com.google.android.gms.wallet.MaskedWalletRequest b(com.google.android.gms.wallet.fragment.WalletFragmentInitParams)
    static synthetic int c(com.google.android.gms.wallet.fragment.WalletFragmentInitParams)
com.google.android.gms.wallet.fragment.WalletFragmentInitParams$1
com.google.android.gms.wallet.fragment.WalletFragmentInitParams$Builder
com.google.android.gms.wallet.fragment.WalletFragmentMode